2025-05-19 15:40:33,867 | INFO | Starting playlist generation for 4 shows
2025-05-19 15:40:33,930 | INFO | Added segment: /home/ishitasinghfaujdar/pmsltask/input/shows/balikavadhu_with_overlay.mp4 [Part 1] 0.0s - 420.0s
2025-05-19 15:40:33,950 | INFO | Inserted ad placeholder after Part 1
2025-05-19 15:40:33,950 | INFO | Added segment: /home/ishitasinghfaujdar/pmsltask/input/shows/balikavadhu_with_overlay.mp4 [Part 2] 420.0s - 840.0s
2025-05-19 15:40:33,969 | INFO | Inserted ad placeholder after Part 2
2025-05-19 15:40:33,970 | INFO | Added segment: /home/ishitasinghfaujdar/pmsltask/input/shows/balikavadhu_with_overlay.mp4 [Part 3] 840.0s - 1260.0s
2025-05-19 15:40:33,988 | INFO | Inserted ad placeholder after Part 3
2025-05-19 15:40:33,988 | INFO | Added segment: /home/ishitasinghfaujdar/pmsltask/input/shows/balikavadhu_with_overlay.mp4 [Part 4] 1260.0s - 1307.0s
2025-05-19 15:40:34,071 | INFO | Added segment: /home/ishitasinghfaujdar/pmsltask/input/shows/dori_with_overlay_2.mp4 [Part 1] 0.0s - 420.0s
2025-05-19 15:40:34,088 | INFO | Inserted ad placeholder after Part 1
2025-05-19 15:40:34,089 | INFO | Added segment: /home/ishitasinghfaujdar/pmsltask/input/shows/dori_with_overlay_2.mp4 [Part 2] 420.0s - 840.0s
2025-05-19 15:40:34,106 | INFO | Inserted ad placeholder after Part 2
2025-05-19 15:40:34,106 | INFO | Added segment: /home/ishitasinghfaujdar/pmsltask/input/shows/dori_with_overlay_2.mp4 [Part 3] 840.0s - 1260.0s
2025-05-19 15:40:34,124 | INFO | Inserted ad placeholder after Part 3
2025-05-19 15:40:34,124 | INFO | Added segment: /home/ishitasinghfaujdar/pmsltask/input/shows/dori_with_overlay_2.mp4 [Part 4] 1260.0s - 1383.0s
2025-05-19 15:40:34,162 | INFO | Added segment: /home/ishitasinghfaujdar/pmsltask/input/shows/test_output.mp4 [Part 1] 0.0s - 420.0s
2025-05-19 15:40:34,179 | INFO | Inserted ad placeholder after Part 1
2025-05-19 15:40:34,179 | INFO | Added segment: /home/ishitasinghfaujdar/pmsltask/input/shows/test_output.mp4 [Part 2] 420.0s - 840.0s
2025-05-19 15:40:34,197 | INFO | Inserted ad placeholder after Part 2
2025-05-19 15:40:34,197 | INFO | Added segment: /home/ishitasinghfaujdar/pmsltask/input/shows/test_output.mp4 [Part 3] 840.0s - 1260.0s
2025-05-19 15:40:34,216 | INFO | Inserted ad placeholder after Part 3
2025-05-19 15:40:34,216 | INFO | Added segment: /home/ishitasinghfaujdar/pmsltask/input/shows/test_output.mp4 [Part 4] 1260.0s - 1271.8s
2025-05-19 15:40:34,256 | INFO | Added segment: /home/ishitasinghfaujdar/pmsltask/input/shows/dori_with_overlay.mp4 [Part 1] 0.0s - 420.0s
2025-05-19 15:40:34,279 | INFO | Inserted ad placeholder after Part 1
2025-05-19 15:40:34,280 | INFO | Added segment: /home/ishitasinghfaujdar/pmsltask/input/shows/dori_with_overlay.mp4 [Part 2] 420.0s - 840.0s
2025-05-19 15:40:34,298 | INFO | Inserted ad placeholder after Part 2
2025-05-19 15:40:34,298 | INFO | Added segment: /home/ishitasinghfaujdar/pmsltask/input/shows/dori_with_overlay.mp4 [Part 3] 840.0s - 1260.0s
2025-05-19 15:40:34,323 | INFO | Inserted ad placeholder after Part 3
2025-05-19 15:40:34,324 | INFO | Added segment: /home/ishitasinghfaujdar/pmsltask/input/shows/dori_with_overlay.mp4 [Part 4] 1260.0s - 1383.0s
2025-05-19 15:40:34,324 | INFO | Processed ~420 seconds of content so far.
2025-05-19 15:40:34,324 | INFO | Processed ~540 seconds of content so far.
2025-05-19 15:40:34,324 | INFO | Processed ~960 seconds of content so far.
2025-05-19 15:40:34,324 | INFO | Processed ~1080 seconds of content so far.
2025-05-19 15:40:34,324 | INFO | Processed ~1500 seconds of content so far.
2025-05-19 15:40:34,324 | INFO | Processed ~1620 seconds of content so far.
2025-05-19 15:40:34,324 | INFO | Processed ~2087 seconds of content so far.
2025-05-19 15:40:34,324 | INFO | Processed ~2207 seconds of content so far.
2025-05-19 15:40:34,324 | INFO | Processed ~2627 seconds of content so far.
2025-05-19 15:40:34,325 | INFO | Processed ~2747 seconds of content so far.
2025-05-19 15:40:34,325 | INFO | Processed ~3167 seconds of content so far.
2025-05-19 15:40:34,325 | INFO | Processed ~3287 seconds of content so far.
2025-05-19 15:40:34,325 | INFO | Processed ~3410 seconds of content so far.
2025-05-19 15:40:34,325 | INFO | Processed ~3830 seconds of content so far.
2025-05-19 15:40:34,325 | INFO | Processed ~3950 seconds of content so far.
2025-05-19 15:40:34,325 | INFO | Processed ~4370 seconds of content so far.
2025-05-19 15:40:34,325 | INFO | Processed ~4490 seconds of content so far.
2025-05-19 15:40:34,325 | INFO | Processed ~4910 seconds of content so far.
2025-05-19 15:40:34,325 | INFO | Processed ~5030 seconds of content so far.
2025-05-19 15:40:34,326 | INFO | Processed ~5041 seconds of content so far.
2025-05-19 15:40:34,326 | INFO | Processed ~5461 seconds of content so far.
2025-05-19 15:40:34,326 | INFO | Processed ~5581 seconds of content so far.
2025-05-19 15:40:34,326 | INFO | Processed ~6001 seconds of content so far.
2025-05-19 15:40:34,326 | INFO | Processed ~6121 seconds of content so far.
2025-05-19 15:40:34,326 | INFO | Processed ~6541 seconds of content so far.
2025-05-19 15:40:34,326 | INFO | Processed ~6661 seconds of content so far.
2025-05-19 15:40:34,326 | INFO | Processed ~6784 seconds of content so far.
2025-05-19 15:40:34,327 | INFO | ✅ Playlist saved to: /home/ishitasinghfaujdar/pmsltask/outputevening_show_20250519_154034.m3u8
