2025-05-19 14:56:39,680 | INFO | Starting playlist generation for 4 shows
2025-05-19 14:56:39,761 | INFO | Added segment: /home/ishitasinghfaujdar/pmsltask/input/shows/balikavadhu_with_overlay.mp4 [Part 1] 0.0s - 420.0s
2025-05-19 14:56:39,788 | INFO | Inserted ad placeholder after Part 1
2025-05-19 14:56:39,789 | INFO | Added segment: /home/ishitasinghfaujdar/pmsltask/input/shows/balikavadhu_with_overlay.mp4 [Part 2] 420.0s - 840.0s
2025-05-19 14:56:39,814 | INFO | Inserted ad placeholder after Part 2
2025-05-19 14:56:39,814 | INFO | Added segment: /home/ishitasinghfaujdar/pmsltask/input/shows/balikavadhu_with_overlay.mp4 [Part 3] 840.0s - 1260.0s
2025-05-19 14:56:39,839 | INFO | Inserted ad placeholder after Part 3
2025-05-19 14:56:39,840 | INFO | Added segment: /home/ishitasinghfaujdar/pmsltask/input/shows/balikavadhu_with_overlay.mp4 [Part 4] 1260.0s - 1307.0s
2025-05-19 14:56:39,950 | INFO | Added segment: /home/ishitasinghfaujdar/pmsltask/input/shows/dori_with_overlay_2.mp4 [Part 1] 0.0s - 420.0s
2025-05-19 14:56:39,979 | INFO | Inserted ad placeholder after Part 1
2025-05-19 14:56:39,980 | INFO | Added segment: /home/ishitasinghfaujdar/pmsltask/input/shows/dori_with_overlay_2.mp4 [Part 2] 420.0s - 840.0s
2025-05-19 14:56:40,015 | INFO | Inserted ad placeholder after Part 2
2025-05-19 14:56:40,016 | INFO | Added segment: /home/ishitasinghfaujdar/pmsltask/input/shows/dori_with_overlay_2.mp4 [Part 3] 840.0s - 1260.0s
2025-05-19 14:56:40,045 | INFO | Inserted ad placeholder after Part 3
2025-05-19 14:56:40,045 | INFO | Added segment: /home/ishitasinghfaujdar/pmsltask/input/shows/dori_with_overlay_2.mp4 [Part 4] 1260.0s - 1383.0s
2025-05-19 14:56:40,096 | INFO | Added segment: /home/ishitasinghfaujdar/pmsltask/input/shows/test_output.mp4 [Part 1] 0.0s - 420.0s
2025-05-19 14:56:40,127 | INFO | Inserted ad placeholder after Part 1
2025-05-19 14:56:40,127 | INFO | Added segment: /home/ishitasinghfaujdar/pmsltask/input/shows/test_output.mp4 [Part 2] 420.0s - 840.0s
2025-05-19 14:56:40,157 | INFO | Inserted ad placeholder after Part 2
2025-05-19 14:56:40,157 | INFO | Added segment: /home/ishitasinghfaujdar/pmsltask/input/shows/test_output.mp4 [Part 3] 840.0s - 1260.0s
2025-05-19 14:56:40,191 | INFO | Inserted ad placeholder after Part 3
2025-05-19 14:56:40,192 | INFO | Added segment: /home/ishitasinghfaujdar/pmsltask/input/shows/test_output.mp4 [Part 4] 1260.0s - 1271.8s
2025-05-19 14:56:40,255 | INFO | Added segment: /home/ishitasinghfaujdar/pmsltask/input/shows/dori_with_overlay.mp4 [Part 1] 0.0s - 420.0s
2025-05-19 14:56:40,286 | INFO | Inserted ad placeholder after Part 1
2025-05-19 14:56:40,286 | INFO | Added segment: /home/ishitasinghfaujdar/pmsltask/input/shows/dori_with_overlay.mp4 [Part 2] 420.0s - 840.0s
2025-05-19 14:56:40,316 | INFO | Inserted ad placeholder after Part 2
2025-05-19 14:56:40,317 | INFO | Added segment: /home/ishitasinghfaujdar/pmsltask/input/shows/dori_with_overlay.mp4 [Part 3] 840.0s - 1260.0s
2025-05-19 14:56:40,347 | INFO | Inserted ad placeholder after Part 3
2025-05-19 14:56:40,347 | INFO | Added segment: /home/ishitasinghfaujdar/pmsltask/input/shows/dori_with_overlay.mp4 [Part 4] 1260.0s - 1383.0s
2025-05-19 14:56:40,348 | INFO | Processed ~420 seconds of content so far.
2025-05-19 14:56:40,348 | INFO | Processed ~540 seconds of content so far.
2025-05-19 14:56:40,348 | INFO | Processed ~960 seconds of content so far.
2025-05-19 14:56:40,348 | INFO | Processed ~1080 seconds of content so far.
2025-05-19 14:56:40,348 | INFO | Processed ~1500 seconds of content so far.
2025-05-19 14:56:40,348 | INFO | Processed ~1620 seconds of content so far.
2025-05-19 14:56:40,349 | INFO | Processed ~2087 seconds of content so far.
2025-05-19 14:56:40,349 | INFO | Processed ~2207 seconds of content so far.
2025-05-19 14:56:40,349 | INFO | Processed ~2627 seconds of content so far.
2025-05-19 14:56:40,349 | INFO | Processed ~2747 seconds of content so far.
2025-05-19 14:56:40,349 | INFO | Processed ~3167 seconds of content so far.
2025-05-19 14:56:40,349 | INFO | Processed ~3287 seconds of content so far.
2025-05-19 14:56:40,349 | INFO | Processed ~3410 seconds of content so far.
2025-05-19 14:56:40,350 | INFO | Processed ~3830 seconds of content so far.
2025-05-19 14:56:40,350 | INFO | Processed ~3950 seconds of content so far.
2025-05-19 14:56:40,350 | INFO | Processed ~4370 seconds of content so far.
2025-05-19 14:56:40,350 | INFO | Processed ~4490 seconds of content so far.
2025-05-19 14:56:40,350 | INFO | Processed ~4910 seconds of content so far.
2025-05-19 14:56:40,350 | INFO | Processed ~5030 seconds of content so far.
2025-05-19 14:56:40,351 | INFO | Processed ~5041 seconds of content so far.
2025-05-19 14:56:40,351 | INFO | Processed ~5461 seconds of content so far.
2025-05-19 14:56:40,351 | INFO | Processed ~5581 seconds of content so far.
2025-05-19 14:56:40,351 | INFO | Processed ~6001 seconds of content so far.
2025-05-19 14:56:40,351 | INFO | Processed ~6121 seconds of content so far.
2025-05-19 14:56:40,351 | INFO | Processed ~6541 seconds of content so far.
2025-05-19 14:56:40,351 | INFO | Processed ~6661 seconds of content so far.
2025-05-19 14:56:40,352 | INFO | Processed ~6784 seconds of content so far.
2025-05-19 14:56:40,352 | INFO | ✅ Playlist saved to: output/evening_show_20250519_145640.m3u8
