2025-05-19 15:41:20,578 | INFO | Starting playlist generation for 4 shows
2025-05-19 15:41:20,633 | INFO | Added segment: /home/ishitasinghfaujdar/pmsltask/input/shows/balikavadhu_with_overlay.mp4 [Part 1] 0.0s - 420.0s
2025-05-19 15:41:20,652 | INFO | Inserted ad placeholder after Part 1
2025-05-19 15:41:20,652 | INFO | Added segment: /home/ishitasinghfaujdar/pmsltask/input/shows/balikavadhu_with_overlay.mp4 [Part 2] 420.0s - 840.0s
2025-05-19 15:41:20,670 | INFO | Inserted ad placeholder after Part 2
2025-05-19 15:41:20,671 | INFO | Added segment: /home/ishitasinghfaujdar/pmsltask/input/shows/balikavadhu_with_overlay.mp4 [Part 3] 840.0s - 1260.0s
2025-05-19 15:41:20,693 | INFO | Inserted ad placeholder after Part 3
2025-05-19 15:41:20,693 | INFO | Added segment: /home/ishitasinghfaujdar/pmsltask/input/shows/balikavadhu_with_overlay.mp4 [Part 4] 1260.0s - 1307.0s
2025-05-19 15:41:20,766 | INFO | Added segment: /home/ishitasinghfaujdar/pmsltask/input/shows/dori_with_overlay_2.mp4 [Part 1] 0.0s - 420.0s
2025-05-19 15:41:20,782 | INFO | Inserted ad placeholder after Part 1
2025-05-19 15:41:20,782 | INFO | Added segment: /home/ishitasinghfaujdar/pmsltask/input/shows/dori_with_overlay_2.mp4 [Part 2] 420.0s - 840.0s
2025-05-19 15:41:20,798 | INFO | Inserted ad placeholder after Part 2
2025-05-19 15:41:20,798 | INFO | Added segment: /home/ishitasinghfaujdar/pmsltask/input/shows/dori_with_overlay_2.mp4 [Part 3] 840.0s - 1260.0s
2025-05-19 15:41:20,815 | INFO | Inserted ad placeholder after Part 3
2025-05-19 15:41:20,815 | INFO | Added segment: /home/ishitasinghfaujdar/pmsltask/input/shows/dori_with_overlay_2.mp4 [Part 4] 1260.0s - 1383.0s
2025-05-19 15:41:20,850 | INFO | Added segment: /home/ishitasinghfaujdar/pmsltask/input/shows/test_output.mp4 [Part 1] 0.0s - 420.0s
2025-05-19 15:41:20,869 | INFO | Inserted ad placeholder after Part 1
2025-05-19 15:41:20,869 | INFO | Added segment: /home/ishitasinghfaujdar/pmsltask/input/shows/test_output.mp4 [Part 2] 420.0s - 840.0s
2025-05-19 15:41:20,887 | INFO | Inserted ad placeholder after Part 2
2025-05-19 15:41:20,888 | INFO | Added segment: /home/ishitasinghfaujdar/pmsltask/input/shows/test_output.mp4 [Part 3] 840.0s - 1260.0s
2025-05-19 15:41:20,915 | INFO | Inserted ad placeholder after Part 3
2025-05-19 15:41:20,915 | INFO | Added segment: /home/ishitasinghfaujdar/pmsltask/input/shows/test_output.mp4 [Part 4] 1260.0s - 1271.8s
2025-05-19 15:41:20,957 | INFO | Added segment: /home/ishitasinghfaujdar/pmsltask/input/shows/dori_with_overlay.mp4 [Part 1] 0.0s - 420.0s
2025-05-19 15:41:20,979 | INFO | Inserted ad placeholder after Part 1
2025-05-19 15:41:20,979 | INFO | Added segment: /home/ishitasinghfaujdar/pmsltask/input/shows/dori_with_overlay.mp4 [Part 2] 420.0s - 840.0s
2025-05-19 15:41:20,996 | INFO | Inserted ad placeholder after Part 2
2025-05-19 15:41:20,996 | INFO | Added segment: /home/ishitasinghfaujdar/pmsltask/input/shows/dori_with_overlay.mp4 [Part 3] 840.0s - 1260.0s
2025-05-19 15:41:21,012 | INFO | Inserted ad placeholder after Part 3
2025-05-19 15:41:21,012 | INFO | Added segment: /home/ishitasinghfaujdar/pmsltask/input/shows/dori_with_overlay.mp4 [Part 4] 1260.0s - 1383.0s
2025-05-19 15:41:21,013 | INFO | Processed ~420 seconds of content so far.
2025-05-19 15:41:21,013 | INFO | Processed ~540 seconds of content so far.
2025-05-19 15:41:21,013 | INFO | Processed ~960 seconds of content so far.
2025-05-19 15:41:21,013 | INFO | Processed ~1080 seconds of content so far.
2025-05-19 15:41:21,013 | INFO | Processed ~1500 seconds of content so far.
2025-05-19 15:41:21,013 | INFO | Processed ~1620 seconds of content so far.
2025-05-19 15:41:21,013 | INFO | Processed ~2087 seconds of content so far.
2025-05-19 15:41:21,013 | INFO | Processed ~2207 seconds of content so far.
2025-05-19 15:41:21,014 | INFO | Processed ~2627 seconds of content so far.
2025-05-19 15:41:21,014 | INFO | Processed ~2747 seconds of content so far.
2025-05-19 15:41:21,014 | INFO | Processed ~3167 seconds of content so far.
2025-05-19 15:41:21,014 | INFO | Processed ~3287 seconds of content so far.
2025-05-19 15:41:21,014 | INFO | Processed ~3410 seconds of content so far.
2025-05-19 15:41:21,014 | INFO | Processed ~3830 seconds of content so far.
2025-05-19 15:41:21,014 | INFO | Processed ~3950 seconds of content so far.
2025-05-19 15:41:21,014 | INFO | Processed ~4370 seconds of content so far.
2025-05-19 15:41:21,015 | INFO | Processed ~4490 seconds of content so far.
2025-05-19 15:41:21,015 | INFO | Processed ~4910 seconds of content so far.
2025-05-19 15:41:21,015 | INFO | Processed ~5030 seconds of content so far.
2025-05-19 15:41:21,015 | INFO | Processed ~5041 seconds of content so far.
2025-05-19 15:41:21,015 | INFO | Processed ~5461 seconds of content so far.
2025-05-19 15:41:21,015 | INFO | Processed ~5581 seconds of content so far.
2025-05-19 15:41:21,015 | INFO | Processed ~6001 seconds of content so far.
2025-05-19 15:41:21,015 | INFO | Processed ~6121 seconds of content so far.
2025-05-19 15:41:21,016 | INFO | Processed ~6541 seconds of content so far.
2025-05-19 15:41:21,016 | INFO | Processed ~6661 seconds of content so far.
2025-05-19 15:41:21,016 | INFO | Processed ~6784 seconds of content so far.
2025-05-19 15:41:21,016 | INFO | ✅ Playlist saved to: /home/ishitasinghfaujdar/pmsltask/output/evening_show_20250519_154121.m3u8
